        -:    0:Source:dominion.c
        -:    0:Graph:dominion.gcno
        -:    0:Data:dominion.gcda
        -:    0:Runs:5
        -:    0:Programs:5
        -:    1:#include "dominion.h"
        -:    2:#include "dominion_helpers.h"
        -:    3:#include "rngs.h"
        -:    4:#include <stdio.h>
        -:    5:#include <math.h>
        -:    6:#include <stdlib.h>
        -:    7:
function compare called 150 returned 100% blocks executed 83%
      150:    8:int compare(const void* a, const void* b) {
      150:    9:    if (*(int*)a > *(int*)b)
branch  0 taken 0% (fallthrough)
branch  1 taken 100%
    #####:   10:        return 1;
      150:   11:    if (*(int*)a < *(int*)b)
branch  0 taken 27% (fallthrough)
branch  1 taken 73%
       40:   12:        return -1;
      110:   13:    return 0;
        -:   14:}
        -:   15:
function newGame called 0 returned 0% blocks executed 0%
    #####:   16:struct gameState* newGame() {
    #####:   17:    struct gameState* g = malloc(sizeof(struct gameState));
    #####:   18:    return g;
        -:   19:}
        -:   20:
function kingdomCards called 0 returned 0% blocks executed 0%
    #####:   21:int* kingdomCards(int k1, int k2, int k3, int k4, int k5, int k6, int k7,
        -:   22:                  int k8, int k9, int k10) {
    #####:   23:    int* k = malloc(10 * sizeof(int));
    #####:   24:    k[0] = k1;
    #####:   25:    k[1] = k2;
    #####:   26:    k[2] = k3;
    #####:   27:    k[3] = k4;
    #####:   28:    k[4] = k5;
    #####:   29:    k[5] = k6;
    #####:   30:    k[6] = k7;
    #####:   31:    k[7] = k8;
    #####:   32:    k[8] = k9;
    #####:   33:    k[9] = k10;
    #####:   34:    return k;
        -:   35:}
        -:   36:
function initializeGame called 5 returned 100% blocks executed 88%
        5:   37:int initializeGame(int numPlayers, int kingdomCards[10], int randomSeed,
        -:   38:                   struct gameState *state) {
        -:   39:    int i;
        -:   40:    int j;
        -:   41:    int it;
        -:   42:
        -:   43:    //set up random number generator
        5:   44:    SelectStream(1);
call    0 returned 100%
        5:   45:    PutSeed((long)randomSeed);
call    0 returned 100%
        -:   46:
        -:   47:    //check number of players
        5:   48:    if (numPlayers > MAX_PLAYERS || numPlayers < 2)
branch  0 taken 100% (fallthrough)
branch  1 taken 0%
branch  2 taken 0% (fallthrough)
branch  3 taken 100%
        -:   49:    {
    #####:   50:        return -1;
        -:   51:    }
        -:   52:
        -:   53:    //set number of players
        5:   54:    state->numPlayers = numPlayers;
        -:   55:
        -:   56:    //check selected kingdom cards are different
       55:   57:    for (i = 0; i < 10; i++)
branch  0 taken 91%
branch  1 taken 9% (fallthrough)
        -:   58:    {
      550:   59:        for (j = 0; j < 10; j++)
branch  0 taken 91%
branch  1 taken 9% (fallthrough)
        -:   60:        {
      500:   61:            if (j != i && kingdomCards[j] == kingdomCards[i])
branch  0 taken 90% (fallthrough)
branch  1 taken 10%
branch  2 taken 0% (fallthrough)
branch  3 taken 100%
        -:   62:            {
    #####:   63:                return -1;
        -:   64:            }
        -:   65:        }
        -:   66:    }
        -:   67:
        -:   68:
        -:   69:    //initialize supply
        -:   70:    ///////////////////////////////
        -:   71:
        -:   72:    //set number of Curse cards
        5:   73:    if (numPlayers == 2)
branch  0 taken 100% (fallthrough)
branch  1 taken 0%
        -:   74:    {
        5:   75:        state->supplyCount[curse] = 10;
        -:   76:    }
    #####:   77:    else if (numPlayers == 3)
branch  0 never executed
branch  1 never executed
        -:   78:    {
    #####:   79:        state->supplyCount[curse] = 20;
        -:   80:    }
        -:   81:    else
        -:   82:    {
    #####:   83:        state->supplyCount[curse] = 30;
        -:   84:    }
        -:   85:
        -:   86:    //set number of Victory cards
        5:   87:    if (numPlayers == 2)
branch  0 taken 100% (fallthrough)
branch  1 taken 0%
        -:   88:    {
        5:   89:        state->supplyCount[estate] = 8;
        5:   90:        state->supplyCount[duchy] = 8;
        5:   91:        state->supplyCount[province] = 8;
        -:   92:    }
        -:   93:    else
        -:   94:    {
    #####:   95:        state->supplyCount[estate] = 12;
    #####:   96:        state->supplyCount[duchy] = 12;
    #####:   97:        state->supplyCount[province] = 12;
        -:   98:    }
        -:   99:
        -:  100:    //set number of Treasure cards
        5:  101:    state->supplyCount[copper] = 60 - (7 * numPlayers);
        5:  102:    state->supplyCount[silver] = 40;
        5:  103:    state->supplyCount[gold] = 30;
        -:  104:
        -:  105:    //set number of Kingdom cards
      105:  106:    for (i = adventurer; i <= treasure_map; i++)       	//loop all cards
branch  0 taken 95%
branch  1 taken 5% (fallthrough)
        -:  107:    {
      825:  108:        for (j = 0; j < 10; j++)           		//loop chosen cards
branch  0 taken 94%
branch  1 taken 6% (fallthrough)
        -:  109:        {
      775:  110:            if (kingdomCards[j] == i)
branch  0 taken 6% (fallthrough)
branch  1 taken 94%
        -:  111:            {
        -:  112:                //check if card is a 'Victory' Kingdom card
       50:  113:                if (kingdomCards[j] == great_hall || kingdomCards[j] == gardens)
branch  0 taken 90% (fallthrough)
branch  1 taken 10%
branch  2 taken 11% (fallthrough)
branch  3 taken 89%
        -:  114:                {
       20:  115:                    if (numPlayers == 2) {
branch  0 taken 100% (fallthrough)
branch  1 taken 0%
       10:  116:                        state->supplyCount[i] = 8;
        -:  117:                    }
        -:  118:                    else {
    #####:  119:                        state->supplyCount[i] = 12;
        -:  120:                    }
        -:  121:                }
        -:  122:                else
        -:  123:                {
       40:  124:                    state->supplyCount[i] = 10;
        -:  125:                }
       50:  126:                break;
        -:  127:            }
        -:  128:            else    //card is not in the set choosen for the game
        -:  129:            {
      725:  130:                state->supplyCount[i] = -1;
        -:  131:            }
        -:  132:        }
        -:  133:
        -:  134:    }
        -:  135:
        -:  136:    ////////////////////////
        -:  137:    //supply intilization complete
        -:  138:
        -:  139:    //set player decks
       15:  140:    for (i = 0; i < numPlayers; i++)
branch  0 taken 67%
branch  1 taken 33% (fallthrough)
        -:  141:    {
       10:  142:        state->deckCount[i] = 0;
       40:  143:        for (j = 0; j < 3; j++)
branch  0 taken 75%
branch  1 taken 25% (fallthrough)
        -:  144:        {
       30:  145:            state->deck[i][j] = estate;
       30:  146:            state->deckCount[i]++;
        -:  147:        }
       80:  148:        for (j = 3; j < 10; j++)
branch  0 taken 88%
branch  1 taken 13% (fallthrough)
        -:  149:        {
       70:  150:            state->deck[i][j] = copper;
       70:  151:            state->deckCount[i]++;
        -:  152:        }
        -:  153:    }
        -:  154:
        -:  155:    //shuffle player decks
       15:  156:    for (i = 0; i < numPlayers; i++)
branch  0 taken 67%
branch  1 taken 33% (fallthrough)
        -:  157:    {
       10:  158:        if ( shuffle(i, state) < 0 )
call    0 returned 100%
branch  1 taken 0% (fallthrough)
branch  2 taken 100%
        -:  159:        {
    #####:  160:            return -1;
        -:  161:        }
        -:  162:    }
        -:  163:
        -:  164:    //draw player hands
       15:  165:    for (i = 0; i < numPlayers; i++)
branch  0 taken 67%
branch  1 taken 33% (fallthrough)
        -:  166:    {
        -:  167:        //initialize hand size to zero
       10:  168:        state->handCount[i] = 0;
       10:  169:        state->discardCount[i] = 0;
        -:  170:        //draw 5 cards
        -:  171:        // for (j = 0; j < 5; j++)
        -:  172:        //	{
        -:  173:        //	  drawCard(i, state);
        -:  174:        //	}
        -:  175:    }
        -:  176:
        -:  177:    //set embargo tokens to 0 for all supply piles
      140:  178:    for (i = 0; i <= treasure_map; i++)
branch  0 taken 96%
branch  1 taken 4% (fallthrough)
        -:  179:    {
      135:  180:        state->embargoTokens[i] = 0;
        -:  181:    }
        -:  182:
        -:  183:    //initialize first player's turn
        5:  184:    state->outpostPlayed = 0;
        5:  185:    state->phase = 0;
        5:  186:    state->numActions = 1;
        5:  187:    state->numBuys = 1;
        5:  188:    state->playedCardCount = 0;
        5:  189:    state->whoseTurn = 0;
        5:  190:    state->handCount[state->whoseTurn] = 0;
        -:  191:    //int it; move to top
        -:  192:
        -:  193:    //Moved draw cards to here, only drawing at the start of a turn
       30:  194:    for (it = 0; it < 5; it++) {
branch  0 taken 83%
branch  1 taken 17% (fallthrough)
       25:  195:        drawCard(state->whoseTurn, state);
call    0 returned 100%
        -:  196:    }
        -:  197:
        5:  198:    updateCoins(state->whoseTurn, state, 0);
call    0 returned 100%
        -:  199:
        5:  200:    return 0;
        -:  201:}
        -:  202:
function shuffle called 11 returned 100% blocks executed 94%
       11:  203:int shuffle(int player, struct gameState *state) {
        -:  204:
        -:  205:
        -:  206:    int newDeck[MAX_DECK];
       11:  207:    int newDeckPos = 0;
        -:  208:    int card;
        -:  209:    int i;
        -:  210:
       11:  211:    if (state->deckCount[player] < 1)
branch  0 taken 0% (fallthrough)
branch  1 taken 100%
    #####:  212:        return -1;
       11:  213:    qsort ((void*)(state->deck[player]), state->deckCount[player], sizeof(int), compare);
call    0 returned 100%
        -:  214:    /* SORT CARDS IN DECK TO ENSURE DETERMINISM! */
        -:  215:
      123:  216:    while (state->deckCount[player] > 0) {
branch  0 taken 90%
branch  1 taken 10% (fallthrough)
      101:  217:        card = floor(Random() * state->deckCount[player]);
call    0 returned 100%
      101:  218:        newDeck[newDeckPos] = state->deck[player][card];
      101:  219:        newDeckPos++;
      356:  220:        for (i = card; i < state->deckCount[player]-1; i++) {
branch  0 taken 72%
branch  1 taken 28% (fallthrough)
      255:  221:            state->deck[player][i] = state->deck[player][i+1];
        -:  222:        }
      101:  223:        state->deckCount[player]--;
        -:  224:    }
      112:  225:    for (i = 0; i < newDeckPos; i++) {
branch  0 taken 90%
branch  1 taken 10% (fallthrough)
      101:  226:        state->deck[player][i] = newDeck[i];
      101:  227:        state->deckCount[player]++;
        -:  228:    }
        -:  229:
       11:  230:    return 0;
        -:  231:}
        -:  232:
function playCard called 0 returned 0% blocks executed 0%
    #####:  233:int playCard(int handPos, int choice1, int choice2, int choice3, struct gameState *state)
        -:  234:{
        -:  235:    int card;
    #####:  236:    int coin_bonus = 0; 		//tracks coins gain from actions
        -:  237:
        -:  238:    //check if it is the right phase
    #####:  239:    if (state->phase != 0)
branch  0 never executed
branch  1 never executed
        -:  240:    {
    #####:  241:        return -1;
        -:  242:    }
        -:  243:
        -:  244:    //check if player has enough actions
    #####:  245:    if ( state->numActions < 1 )
branch  0 never executed
branch  1 never executed
        -:  246:    {
    #####:  247:        return -1;
        -:  248:    }
        -:  249:
        -:  250:    //get card played
    #####:  251:    card = handCard(handPos, state);
call    0 never executed
        -:  252:
        -:  253:    //check if selected card is an action
    #####:  254:    if ( card < adventurer || card > treasure_map )
branch  0 never executed
branch  1 never executed
branch  2 never executed
branch  3 never executed
        -:  255:    {
    #####:  256:        return -1;
        -:  257:    }
        -:  258:
        -:  259:    //play card
    #####:  260:    if ( cardEffect(card, choice1, choice2, choice3, state, handPos, &coin_bonus) < 0 )
call    0 never executed
branch  1 never executed
branch  2 never executed
        -:  261:    {
    #####:  262:        return -1;
        -:  263:    }
        -:  264:
        -:  265:    //reduce number of actions
    #####:  266:    state->numActions--;
        -:  267:
        -:  268:    //update coins (Treasure cards may be added with card draws)
    #####:  269:    updateCoins(state->whoseTurn, state, coin_bonus);
call    0 never executed
        -:  270:
    #####:  271:    return 0;
        -:  272:}
        -:  273:
function buyCard called 0 returned 0% blocks executed 0%
    #####:  274:int buyCard(int supplyPos, struct gameState *state) {
        -:  275:    int who;
        -:  276:    if (DEBUG) {
        -:  277:        printf("Entering buyCard...\n");
        -:  278:    }
        -:  279:
        -:  280:    // I don't know what to do about the phase thing.
        -:  281:
    #####:  282:    who = state->whoseTurn;
        -:  283:
    #####:  284:    if (state->numBuys < 1) {
branch  0 never executed
branch  1 never executed
        -:  285:        if (DEBUG)
        -:  286:            printf("You do not have any buys left\n");
    #####:  287:        return -1;
    #####:  288:    } else if (supplyCount(supplyPos, state) <1) {
call    0 never executed
branch  1 never executed
branch  2 never executed
        -:  289:        if (DEBUG)
        -:  290:            printf("There are not any of that type of card left\n");
    #####:  291:        return -1;
    #####:  292:    } else if (state->coins < getCost(supplyPos)) {
call    0 never executed
branch  1 never executed
branch  2 never executed
        -:  293:        if (DEBUG)
        -:  294:            printf("You do not have enough money to buy that. You have %d coins.\n", state->coins);
    #####:  295:        return -1;
        -:  296:    } else {
    #####:  297:        state->phase=1;
        -:  298:        //state->supplyCount[supplyPos]--;
    #####:  299:        gainCard(supplyPos, state, 0, who); //card goes in discard, this might be wrong.. (2 means goes into hand, 0 goes into discard)
call    0 never executed
        -:  300:
    #####:  301:        state->coins = (state->coins) - (getCost(supplyPos));
call    0 never executed
    #####:  302:        state->numBuys--;
        -:  303:        if (DEBUG)
        -:  304:            printf("You bought card number %d for %d coins. You now have %d buys and %d coins.\n", supplyPos, getCost(supplyPos), state->numBuys, state->coins);
        -:  305:    }
        -:  306:
        -:  307:    //state->discard[who][state->discardCount[who]] = supplyPos;
        -:  308:    //state->discardCount[who]++;
        -:  309:
    #####:  310:    return 0;
        -:  311:}
        -:  312:
function numHandCards called 12 returned 100% blocks executed 100%
       12:  313:int numHandCards(struct gameState *state) {
       12:  314:    return state->handCount[ whoseTurn(state) ];
call    0 returned 100%
        -:  315:}
        -:  316:
function handCard called 0 returned 0% blocks executed 0%
    #####:  317:int handCard(int handPos, struct gameState *state) {
    #####:  318:    int currentPlayer = whoseTurn(state);
call    0 never executed
    #####:  319:    return state->hand[currentPlayer][handPos];
        -:  320:}
        -:  321:
function supplyCount called 9 returned 100% blocks executed 100%
        9:  322:int supplyCount(int card, struct gameState *state) {
        9:  323:    return state->supplyCount[card];
        -:  324:}
        -:  325:
function fullDeckCount called 0 returned 0% blocks executed 0%
    #####:  326:int fullDeckCount(int player, int card, struct gameState *state) {
        -:  327:    int i;
    #####:  328:    int count = 0;
        -:  329:
    #####:  330:    for (i = 0; i < state->deckCount[player]; i++)
branch  0 never executed
branch  1 never executed
        -:  331:    {
    #####:  332:        if (state->deck[player][i] == card) count++;
branch  0 never executed
branch  1 never executed
        -:  333:    }
        -:  334:
    #####:  335:    for (i = 0; i < state->handCount[player]; i++)
branch  0 never executed
branch  1 never executed
        -:  336:    {
    #####:  337:        if (state->hand[player][i] == card) count++;
branch  0 never executed
branch  1 never executed
        -:  338:    }
        -:  339:
    #####:  340:    for (i = 0; i < state->discardCount[player]; i++)
branch  0 never executed
branch  1 never executed
        -:  341:    {
    #####:  342:        if (state->discard[player][i] == card) count++;
branch  0 never executed
branch  1 never executed
        -:  343:    }
        -:  344:
    #####:  345:    return count;
        -:  346:}
        -:  347:
function whoseTurn called 12 returned 100% blocks executed 100%
       12:  348:int whoseTurn(struct gameState *state) {
       12:  349:    return state->whoseTurn;
        -:  350:}
        -:  351:
function endTurn called 0 returned 0% blocks executed 0%
    #####:  352:int endTurn(struct gameState *state) {
        -:  353:    int k;
        -:  354:    int i;
    #####:  355:    int currentPlayer = whoseTurn(state);
call    0 never executed
        -:  356:
        -:  357:    //Discard hand
    #####:  358:    for (i = 0; i < state->handCount[currentPlayer]; i++) {
branch  0 never executed
branch  1 never executed
    #####:  359:        state->discard[currentPlayer][state->discardCount[currentPlayer]++] = state->hand[currentPlayer][i];//Discard
    #####:  360:        state->hand[currentPlayer][i] = -1;//Set card to -1
        -:  361:    }
    #####:  362:    state->handCount[currentPlayer] = 0;//Reset hand count
        -:  363:
        -:  364:    //Code for determining the player
    #####:  365:    if (currentPlayer < (state->numPlayers - 1)) {
branch  0 never executed
branch  1 never executed
    #####:  366:        state->whoseTurn = currentPlayer + 1;//Still safe to increment
        -:  367:    }
        -:  368:    else {
    #####:  369:        state->whoseTurn = 0;//Max player has been reached, loop back around to player 1
        -:  370:    }
        -:  371:
    #####:  372:    state->outpostPlayed = 0;
    #####:  373:    state->phase = 0;
    #####:  374:    state->numActions = 1;
    #####:  375:    state->coins = 0;
    #####:  376:    state->numBuys = 1;
    #####:  377:    state->playedCardCount = 0;
    #####:  378:    state->handCount[state->whoseTurn] = 0;
        -:  379:
        -:  380:    //int k; move to top
        -:  381:    //Next player draws hand
    #####:  382:    for (k = 0; k < 5; k++) {
branch  0 never executed
branch  1 never executed
    #####:  383:        drawCard(state->whoseTurn, state);//Draw a card
call    0 never executed
        -:  384:    }
        -:  385:
        -:  386:    //Update money
    #####:  387:    updateCoins(state->whoseTurn, state, 0);
call    0 never executed
        -:  388:
    #####:  389:    return 0;
        -:  390:}
        -:  391:
function isGameOver called 0 returned 0% blocks executed 0%
    #####:  392:int isGameOver(struct gameState *state) {
        -:  393:    int i;
        -:  394:    int j;
        -:  395:
        -:  396:    //if stack of Province cards is empty, the game ends
    #####:  397:    if (state->supplyCount[province] == 0)
branch  0 never executed
branch  1 never executed
        -:  398:    {
    #####:  399:        return 1;
        -:  400:    }
        -:  401:
        -:  402:    //if three supply pile are at 0, the game ends
    #####:  403:    j = 0;
    #####:  404:    for (i = 0; i < 25; i++)
branch  0 never executed
branch  1 never executed
        -:  405:    {
    #####:  406:        if (state->supplyCount[i] == 0)
branch  0 never executed
branch  1 never executed
        -:  407:        {
    #####:  408:            j++;
        -:  409:        }
        -:  410:    }
    #####:  411:    if ( j >= 3)
branch  0 never executed
branch  1 never executed
        -:  412:    {
    #####:  413:        return 1;
        -:  414:    }
        -:  415:
    #####:  416:    return 0;
        -:  417:}
        -:  418:
function scoreFor called 0 returned 0% blocks executed 0%
    #####:  419:int scoreFor (int player, struct gameState *state) {
        -:  420:
        -:  421:    int i;
    #####:  422:    int score = 0;
        -:  423:    //score from hand
    #####:  424:    for (i = 0; i < state->handCount[player]; i++)
branch  0 never executed
branch  1 never executed
        -:  425:    {
    #####:  426:        if (state->hand[player][i] == curse) {
branch  0 never executed
branch  1 never executed
    #####:  427:            score = score - 1;
        -:  428:        };
    #####:  429:        if (state->hand[player][i] == estate) {
branch  0 never executed
branch  1 never executed
    #####:  430:            score = score + 1;
        -:  431:        };
    #####:  432:        if (state->hand[player][i] == duchy) {
branch  0 never executed
branch  1 never executed
    #####:  433:            score = score + 3;
        -:  434:        };
    #####:  435:        if (state->hand[player][i] == province) {
branch  0 never executed
branch  1 never executed
    #####:  436:            score = score + 6;
        -:  437:        };
    #####:  438:        if (state->hand[player][i] == great_hall) {
branch  0 never executed
branch  1 never executed
    #####:  439:            score = score + 1;
        -:  440:        };
    #####:  441:        if (state->hand[player][i] == gardens) {
branch  0 never executed
branch  1 never executed
    #####:  442:            score = score + ( fullDeckCount(player, 0, state) / 10 );
call    0 never executed
        -:  443:        };
        -:  444:    }
        -:  445:
        -:  446:    //score from discard
    #####:  447:    for (i = 0; i < state->discardCount[player]; i++)
branch  0 never executed
branch  1 never executed
        -:  448:    {
    #####:  449:        if (state->discard[player][i] == curse) {
branch  0 never executed
branch  1 never executed
    #####:  450:            score = score - 1;
        -:  451:        };
    #####:  452:        if (state->discard[player][i] == estate) {
branch  0 never executed
branch  1 never executed
    #####:  453:            score = score + 1;
        -:  454:        };
    #####:  455:        if (state->discard[player][i] == duchy) {
branch  0 never executed
branch  1 never executed
    #####:  456:            score = score + 3;
        -:  457:        };
    #####:  458:        if (state->discard[player][i] == province) {
branch  0 never executed
branch  1 never executed
    #####:  459:            score = score + 6;
        -:  460:        };
    #####:  461:        if (state->discard[player][i] == great_hall) {
branch  0 never executed
branch  1 never executed
    #####:  462:            score = score + 1;
        -:  463:        };
    #####:  464:        if (state->discard[player][i] == gardens) {
branch  0 never executed
branch  1 never executed
    #####:  465:            score = score + ( fullDeckCount(player, 0, state) / 10 );
call    0 never executed
        -:  466:        };
        -:  467:    }
        -:  468:
        -:  469:    //score from deck
    #####:  470:    for (i = 0; i < state->discardCount[player]; i++)
branch  0 never executed
branch  1 never executed
        -:  471:    {
    #####:  472:        if (state->deck[player][i] == curse) {
branch  0 never executed
branch  1 never executed
    #####:  473:            score = score - 1;
        -:  474:        };
    #####:  475:        if (state->deck[player][i] == estate) {
branch  0 never executed
branch  1 never executed
    #####:  476:            score = score + 1;
        -:  477:        };
    #####:  478:        if (state->deck[player][i] == duchy) {
branch  0 never executed
branch  1 never executed
    #####:  479:            score = score + 3;
        -:  480:        };
    #####:  481:        if (state->deck[player][i] == province) {
branch  0 never executed
branch  1 never executed
    #####:  482:            score = score + 6;
        -:  483:        };
    #####:  484:        if (state->deck[player][i] == great_hall) {
branch  0 never executed
branch  1 never executed
    #####:  485:            score = score + 1;
        -:  486:        };
    #####:  487:        if (state->deck[player][i] == gardens) {
branch  0 never executed
branch  1 never executed
    #####:  488:            score = score + ( fullDeckCount(player, 0, state) / 10 );
call    0 never executed
        -:  489:        };
        -:  490:    }
        -:  491:
    #####:  492:    return score;
        -:  493:}
        -:  494:
function getWinners called 0 returned 0% blocks executed 0%
    #####:  495:int getWinners(int players[MAX_PLAYERS], struct gameState *state) {
        -:  496:    int i;
        -:  497:    int j;
        -:  498:    int highScore;
        -:  499:    int currentPlayer;
        -:  500:
        -:  501:    //get score for each player
    #####:  502:    for (i = 0; i < MAX_PLAYERS; i++)
branch  0 never executed
branch  1 never executed
        -:  503:    {
        -:  504:        //set unused player scores to -9999
    #####:  505:        if (i >= state->numPlayers)
branch  0 never executed
branch  1 never executed
        -:  506:        {
    #####:  507:            players[i] = -9999;
        -:  508:        }
        -:  509:        else
        -:  510:        {
    #####:  511:            players[i] = scoreFor (i, state);
call    0 never executed
        -:  512:        }
        -:  513:    }
        -:  514:
        -:  515:    //find highest score
    #####:  516:    j = 0;
    #####:  517:    for (i = 0; i < MAX_PLAYERS; i++)
branch  0 never executed
branch  1 never executed
        -:  518:    {
    #####:  519:        if (players[i] > players[j])
branch  0 never executed
branch  1 never executed
        -:  520:        {
    #####:  521:            j = i;
        -:  522:        }
        -:  523:    }
    #####:  524:    highScore = players[j];
        -:  525:
        -:  526:    //add 1 to players who had less turns
    #####:  527:    currentPlayer = whoseTurn(state);
call    0 never executed
    #####:  528:    for (i = 0; i < MAX_PLAYERS; i++)
branch  0 never executed
branch  1 never executed
        -:  529:    {
    #####:  530:        if ( players[i] == highScore && i > currentPlayer )
branch  0 never executed
branch  1 never executed
branch  2 never executed
branch  3 never executed
        -:  531:        {
    #####:  532:            players[i]++;
        -:  533:        }
        -:  534:    }
        -:  535:
        -:  536:    //find new highest score
    #####:  537:    j = 0;
    #####:  538:    for (i = 0; i < MAX_PLAYERS; i++)
branch  0 never executed
branch  1 never executed
        -:  539:    {
    #####:  540:        if ( players[i] > players[j] )
branch  0 never executed
branch  1 never executed
        -:  541:        {
    #####:  542:            j = i;
        -:  543:        }
        -:  544:    }
    #####:  545:    highScore = players[j];
        -:  546:
        -:  547:    //set winners in array to 1 and rest to 0
    #####:  548:    for (i = 0; i < MAX_PLAYERS; i++)
branch  0 never executed
branch  1 never executed
        -:  549:    {
    #####:  550:        if ( players[i] == highScore )
branch  0 never executed
branch  1 never executed
        -:  551:        {
    #####:  552:            players[i] = 1;
        -:  553:        }
        -:  554:        else
        -:  555:        {
    #####:  556:            players[i] = 0;
        -:  557:        }
        -:  558:    }
        -:  559:
    #####:  560:    return 0;
        -:  561:}
        -:  562:
function drawCard called 42 returned 100% blocks executed 38%
       42:  563:int drawCard(int player, struct gameState *state)
        -:  564:{   int count;
        -:  565:    int deckCounter;
       42:  566:    if (state->deckCount[player] <= 0) { //Deck is empty
branch  0 taken 0% (fallthrough)
branch  1 taken 100%
        -:  567:
        -:  568:        //Step 1 Shuffle the discard pile back into a deck
        -:  569:        int i;
        -:  570:        //Move discard to deck
    #####:  571:        for (i = 0; i < state->discardCount[player]; i++) {
branch  0 never executed
branch  1 never executed
    #####:  572:            state->deck[player][i] = state->discard[player][i];
    #####:  573:            state->discard[player][i] = -1;
        -:  574:        }
        -:  575:
    #####:  576:        state->deckCount[player] = state->discardCount[player];
    #####:  577:        state->discardCount[player] = 0;//Reset discard
        -:  578:
        -:  579:        //Shufffle the deck
    #####:  580:        shuffle(player, state);//Shuffle the deck up and make it so that we can draw
call    0 never executed
        -:  581:
        -:  582:        if (DEBUG) { //Debug statements
        -:  583:            printf("Deck count now: %d\n", state->deckCount[player]);
        -:  584:        }
        -:  585:
    #####:  586:        state->discardCount[player] = 0;
        -:  587:
        -:  588:        //Step 2 Draw Card
    #####:  589:        count = state->handCount[player];//Get current player's hand count
        -:  590:
        -:  591:        if (DEBUG) { //Debug statements
        -:  592:            printf("Current hand count: %d\n", count);
        -:  593:        }
        -:  594:
    #####:  595:        deckCounter = state->deckCount[player];//Create a holder for the deck count
        -:  596:
    #####:  597:        if (deckCounter == 0)
branch  0 never executed
branch  1 never executed
    #####:  598:            return -1;
        -:  599:
    #####:  600:        state->hand[player][count] = state->deck[player][deckCounter - 1];//Add card to hand
    #####:  601:        state->deckCount[player]--;
    #####:  602:        state->handCount[player]++;//Increment hand count
        -:  603:    }
        -:  604:
        -:  605:    else {
       42:  606:        int count = state->handCount[player];//Get current hand count for player
        -:  607:        int deckCounter;
        -:  608:        if (DEBUG) { //Debug statements
        -:  609:            printf("Current hand count: %d\n", count);
        -:  610:        }
        -:  611:
       42:  612:        deckCounter = state->deckCount[player];//Create holder for the deck count
       42:  613:        state->hand[player][count] = state->deck[player][deckCounter - 1];//Add card to the hand
       42:  614:        state->deckCount[player]--;
       42:  615:        state->handCount[player]++;//Increment hand count
        -:  616:    }
        -:  617:
       42:  618:    return 0;
        -:  619:}
        -:  620:
function getCost called 4 returned 100% blocks executed 17%
        4:  621:int getCost(int cardNumber)
        -:  622:{
        4:  623:    switch( cardNumber )
branch  0 taken 0%
branch  1 taken 0%
branch  2 taken 0%
branch  3 taken 0%
branch  4 taken 50%
branch  5 taken 25%
branch  6 taken 25%
branch  7 taken 0%
branch  8 taken 0%
branch  9 taken 0%
branch 10 taken 0%
branch 11 taken 0%
branch 12 taken 0%
branch 13 taken 0%
branch 14 taken 0%
branch 15 taken 0%
branch 16 taken 0%
branch 17 taken 0%
branch 18 taken 0%
branch 19 taken 0%
branch 20 taken 0%
branch 21 taken 0%
branch 22 taken 0%
branch 23 taken 0%
branch 24 taken 0%
branch 25 taken 0%
branch 26 taken 0%
branch 27 taken 0%
        -:  624:    {
        -:  625:    case curse:
    #####:  626:        return 0;
        -:  627:    case estate:
    #####:  628:        return 2;
        -:  629:    case duchy:
    #####:  630:        return 5;
        -:  631:    case province:
    #####:  632:        return 8;
        -:  633:    case copper:
        2:  634:        return 2;
        -:  635:    case silver:
        1:  636:        return 3;
        -:  637:    case gold:
        1:  638:        return 6;
        -:  639:    case adventurer:
    #####:  640:        return 6;
        -:  641:    case council_room:
    #####:  642:        return 5;
        -:  643:    case feast:
    #####:  644:        return 4;
        -:  645:    case gardens:
    #####:  646:        return 4;
        -:  647:    case mine:
    #####:  648:        return 5;
        -:  649:    case remodel:
    #####:  650:        return 4;
        -:  651:    case smithy:
    #####:  652:        return 4;
        -:  653:    case village:
    #####:  654:        return 3;
        -:  655:    case baron:
    #####:  656:        return 4;
        -:  657:    case great_hall:
    #####:  658:        return 3;
        -:  659:    case minion:
    #####:  660:        return 5;
        -:  661:    case steward:
    #####:  662:        return 3;
        -:  663:    case tribute:
    #####:  664:        return 5;
        -:  665:    case ambassador:
    #####:  666:        return 3;
        -:  667:    case cutpurse:
    #####:  668:        return 4;
        -:  669:    case embargo:
    #####:  670:        return 2;
        -:  671:    case outpost:
    #####:  672:        return 5;
        -:  673:    case salvager:
    #####:  674:        return 4;
        -:  675:    case sea_hag:
    #####:  676:        return 4;
        -:  677:    case treasure_map:
    #####:  678:        return 4;
        -:  679:    }
        -:  680:
    #####:  681:    return -1;
        -:  682:}
        -:  683:
        -:  684:
function handle_minion called 4 returned 100% blocks executed 100%
        4:  685:int handle_minion(int choice1, int choice2, int handPos, struct gameState *state, int currentPlayer){
        -:  686:    
        -:  687:    int i;
        -:  688:    int j;
        -:  689:    //+1 action
        4:  690:    state->numActions++;
        -:  691:
        -:  692:    //discard card from hand
        4:  693:    discardCard(handPos, currentPlayer, state, 0);
call    0 returned 100%
        -:  694:
        4:  695:    if (choice1)
branch  0 taken 50% (fallthrough)
branch  1 taken 50%
        -:  696:    {
        2:  697:        state->coins = state->coins + 2;
        -:  698:    }
        2:  699:    else if (choice2)		//discard hand, redraw 4, other players with 5+ cards discard hand and draw 4
branch  0 taken 100% (fallthrough)
branch  1 taken 0%
        -:  700:    {
        -:  701:        //discard hand
       14:  702:        while(numHandCards(state) >= 0)
call    0 returned 100%
branch  1 taken 83%
branch  2 taken 17% (fallthrough)
        -:  703:        {
       10:  704:            discardCard(handPos, currentPlayer, state, 0);
call    0 returned 100%
        -:  705:        }
        -:  706:
        -:  707:        //draw 4
       10:  708:        for (i = 0; i < 4; i++)
branch  0 taken 80%
branch  1 taken 20% (fallthrough)
        -:  709:        {
        8:  710:            drawCard(currentPlayer, state);
call    0 returned 100%
        -:  711:        }
        -:  712:
        -:  713:        //other players discard hand and redraw if hand size > 4
        6:  714:        for (i = 0; i < state->numPlayers; i++)
branch  0 taken 67%
branch  1 taken 33% (fallthrough)
        -:  715:        {
        4:  716:            if (i != currentPlayer)
branch  0 taken 50% (fallthrough)
branch  1 taken 50%
        -:  717:            {
        2:  718:                if ( state->handCount[i] > 4 )
branch  0 taken 50% (fallthrough)
branch  1 taken 50%
        -:  719:                {
        -:  720:                    //discard hand
        7:  721:                    while( state->handCount[i] > 0 )
branch  0 taken 83%
branch  1 taken 17% (fallthrough)
        -:  722:                    {
        5:  723:                        discardCard(handPos, i, state, 0);
call    0 returned 100%
        -:  724:                    }
        -:  725:
        -:  726:                    //draw 4
        4:  727:                    for (j = 0; j < 3; j++)
branch  0 taken 75%
branch  1 taken 25% (fallthrough)
        -:  728:                    {
        3:  729:                        drawCard(i, state);
call    0 returned 100%
        -:  730:                    }
        -:  731:                }
        -:  732:            }
        -:  733:        }
        -:  734:
        -:  735:    }
        4:  736:    return 0;
        -:  737:}
        -:  738:
function handle_tribute called 3 returned 100% blocks executed 93%
        3:  739:int handle_tribute(struct gameState *state, int currentPlayer){
        -:  740:    int i;
        3:  741:    int tributeRevealedCards[2] = {4, -1};
        3:  742:    int nextPlayer = currentPlayer+1;
        3:  743:    if ((state->discardCount[nextPlayer] + state->deckCount[nextPlayer]) <= 1) {
branch  0 taken 33% (fallthrough)
branch  1 taken 67%
        1:  744:        if (state->deckCount[nextPlayer] > 0) {
branch  0 taken 0% (fallthrough)
branch  1 taken 100%
    #####:  745:            tributeRevealedCards[0] = state->deck[nextPlayer][state->deckCount[nextPlayer]-1];
    #####:  746:            state->deckCount[nextPlayer]--;
        -:  747:        }
        1:  748:        else if (state->discardCount[nextPlayer] > 0) {
branch  0 taken 0% (fallthrough)
branch  1 taken 100%
    #####:  749:            tributeRevealedCards[0] = state->discard[nextPlayer][state->discardCount[nextPlayer]-1];
    #####:  750:            state->discardCount[nextPlayer]--;
        -:  751:        }
        -:  752:        else {
        -:  753:            //No Card to Reveal
        -:  754:            if (DEBUG) {
        -:  755:                printf("No cards to reveal\n");
        -:  756:            }
        -:  757:        }
        -:  758:    }
        -:  759:
        -:  760:    else {
        2:  761:        if (state->deckCount[nextPlayer] == 0) {
branch  0 taken 50% (fallthrough)
branch  1 taken 50%
        2:  762:            for (i = 0; i < state->discardCount[nextPlayer]; i++) {
branch  0 taken 50%
branch  1 taken 50% (fallthrough)
        1:  763:                state->deck[nextPlayer][i] = state->discard[nextPlayer][i];//Move to deck
        1:  764:                state->deckCount[nextPlayer]++;
        1:  765:                state->discard[nextPlayer][i] = -1;
        1:  766:                state->discardCount[nextPlayer]--;
        -:  767:            }
        -:  768:
        1:  769:            shuffle(nextPlayer,state);//Shuffle the deck
call    0 returned 100%
        -:  770:        }
        2:  771:        tributeRevealedCards[0] = state->deck[nextPlayer][state->deckCount[nextPlayer]-1];
        2:  772:        state->deck[nextPlayer][state->deckCount[nextPlayer]--] = -1;
        2:  773:        state->deckCount[nextPlayer]--;
        2:  774:        tributeRevealedCards[1] = state->deck[nextPlayer][state->deckCount[nextPlayer]-1];
        2:  775:        state->deck[nextPlayer][state->deckCount[nextPlayer]--] = -1;
        2:  776:        state->deckCount[nextPlayer]--;
        -:  777:    }
        -:  778:
        3:  779:    if (tributeRevealedCards[0] == tributeRevealedCards[1]) { //If we have a duplicate card, just drop one
branch  0 taken 33% (fallthrough)
branch  1 taken 67%
        1:  780:        state->playedCards[state->playedCardCount] = tributeRevealedCards[1];
        1:  781:        state->playedCardCount++;
        1:  782:        tributeRevealedCards[1] = -1;
        -:  783:    }
        -:  784:
       12:  785:    for (i = 0; i <= 2; i ++) {
branch  0 taken 75%
branch  1 taken 25% (fallthrough)
        9:  786:        if (tributeRevealedCards[i] == copper || tributeRevealedCards[i] == silver || tributeRevealedCards[i] == gold) { //Treasure cards
branch  0 taken 67% (fallthrough)
branch  1 taken 33%
branch  2 taken 100% (fallthrough)
branch  3 taken 0%
branch  4 taken 0% (fallthrough)
branch  5 taken 100%
        3:  787:            state->coins += 2;
        -:  788:        }
        -:  789:
        6:  790:        else if (tributeRevealedCards[i] == estate || tributeRevealedCards[i] == duchy || tributeRevealedCards[i] == province || tributeRevealedCards[i] == gardens || tributeRevealedCards[i] == great_hall) { //Victory Card Found
branch  0 taken 50% (fallthrough)
branch  1 taken 50%
branch  2 taken 100% (fallthrough)
branch  3 taken 0%
branch  4 taken 100% (fallthrough)
branch  5 taken 0%
branch  6 taken 100% (fallthrough)
branch  7 taken 0%
branch  8 taken 0% (fallthrough)
branch  9 taken 100%
        3:  791:            drawCard(currentPlayer, state);
call    0 returned 100%
        3:  792:            drawCard(currentPlayer, state);
call    0 returned 100%
        -:  793:        }
        -:  794:        else { //Action Card
        3:  795:            state->numActions = state->numActions + 2;
        -:  796:        }
        -:  797:    }
        -:  798:
        3:  799:    return 0;    
        -:  800:}
        -:  801:
function handle_baron called 3 returned 100% blocks executed 92%
        3:  802:int handle_baron(int choice1, struct gameState *state, int currentPlayer){
        -:  803:    //state->numBuys++;//Increase buys by 1!
        3:  804:    if (choice1 > 0) { //Boolean true or going to discard an estate
branch  0 taken 67% (fallthrough)
branch  1 taken 33%
        2:  805:        int p = 0;//Iterator for hand!
        2:  806:        int card_not_discarded = 1;//Flag for discard set!
       13:  807:        while(card_not_discarded) {
branch  0 taken 82%
branch  1 taken 18% (fallthrough)
        9:  808:            if (state->hand[currentPlayer][p] == estate) { //Found an estate card!
branch  0 taken 11% (fallthrough)
branch  1 taken 89%
        1:  809:                state->coins += 4;//Add 4 coins to the amount of coins
        1:  810:                state->discard[currentPlayer][state->discardCount[currentPlayer]] = state->hand[currentPlayer][p];
        1:  811:                state->discardCount[currentPlayer]++;
        5:  812:                for (; p < state->handCount[currentPlayer]; p++) {
branch  0 taken 80%
branch  1 taken 20% (fallthrough)
        4:  813:                    state->hand[currentPlayer][p] = state->hand[currentPlayer][p+1];
        -:  814:                }
        1:  815:                state->hand[currentPlayer][state->handCount[currentPlayer]] = -1;
        1:  816:                state->handCount[currentPlayer]--;
        1:  817:                card_not_discarded = 0;//Exit the loop
        -:  818:            }
        8:  819:            else if (p > state->handCount[currentPlayer]) {
branch  0 taken 13% (fallthrough)
branch  1 taken 88%
        -:  820:                if(DEBUG) {
        -:  821:                    printf("No estate cards in your hand, invalid choice\n");
        -:  822:                    printf("Must gain an estate if there are any\n");
        -:  823:                }
        1:  824:                if (supplyCount(estate, state) > 0) {
call    0 returned 100%
branch  1 taken 100% (fallthrough)
branch  2 taken 0%
        1:  825:                    gainCard(estate, state, 0, currentPlayer);
call    0 returned 100%
        -:  826:
        1:  827:                    state->supplyCount[estate]--;//Decrement estates
        1:  828:                    if (supplyCount(estate, state) == 0) {
call    0 returned 100%
branch  1 taken 0% (fallthrough)
branch  2 taken 100%
    #####:  829:                        isGameOver(state);
call    0 never executed
        -:  830:                    }
        -:  831:                }
        1:  832:                card_not_discarded = 0;//Exit the loop
        -:  833:            }
        -:  834:
        -:  835:            else {
        7:  836:                p++;//Next card
        -:  837:            }
        -:  838:        }
        -:  839:    }
        -:  840:
        -:  841:    else {
        1:  842:        if (supplyCount(estate, state) > 0) {
call    0 returned 100%
branch  1 taken 100% (fallthrough)
branch  2 taken 0%
        1:  843:            gainCard(estate, state, 0, currentPlayer);//Gain an estate
call    0 returned 100%
        -:  844:
        1:  845:            state->supplyCount[estate]--;//Decrement Estates
        1:  846:            if (supplyCount(estate, state) == 0) {
call    0 returned 100%
branch  1 taken 0% (fallthrough)
branch  2 taken 100%
    #####:  847:                isGameOver(state);
call    0 never executed
        -:  848:            }
        -:  849:        }
        -:  850:    }
        -:  851:
        -:  852:
        3:  853:    return 0;
        -:  854:}
        -:  855:
function handle_mine called 2 returned 100% blocks executed 90%
        2:  856:int handle_mine(int choice1, int choice2,int handPos, struct gameState *state, int currentPlayer){
        2:  857:    int j = state->hand[currentPlayer][choice1];  //store card we will trash
        -:  858:    int i;
        2:  859:    if (state->hand[currentPlayer][choice1] < copper || state->hand[currentPlayer][choice1] > gold)
branch  0 taken 100% (fallthrough)
branch  1 taken 0%
branch  2 taken 0% (fallthrough)
branch  3 taken 100%
        -:  860:    {
    #####:  861:        return -1;
        -:  862:    }
        -:  863:
        2:  864:    if (choice2 > treasure_map || choice2 < curse)
branch  0 taken 100% (fallthrough)
branch  1 taken 0%
branch  2 taken 0% (fallthrough)
branch  3 taken 100%
        -:  865:    {
    #####:  866:        return -1;
        -:  867:    }
        -:  868:
        2:  869:    if ( (getCost(state->hand[currentPlayer][choice1]) + 3) > getCost(choice2) )
call    0 returned 100%
call    1 returned 100%
branch  2 taken 50% (fallthrough)
branch  3 taken 50%
        -:  870:    {
        1:  871:        return -1;
        -:  872:    }
        -:  873:
        1:  874:    gainCard(choice2, state, 2, currentPlayer);
call    0 returned 100%
        -:  875:
        -:  876:    //discard card from hand
        1:  877:    discardCard(handPos, currentPlayer, state, 0);
call    0 returned 100%
        -:  878:
        -:  879:    //discard trashed card
        2:  880:    for (i = 1; i < state->handCount[currentPlayer]; i++)
branch  0 taken 100%
branch  1 taken 0% (fallthrough)
        -:  881:    {
        2:  882:        if (state->hand[currentPlayer][i] == j)
branch  0 taken 50% (fallthrough)
branch  1 taken 50%
        -:  883:        {
        1:  884:            discardCard(i, currentPlayer, state, 0);
call    0 returned 100%
        1:  885:            break;
        -:  886:        }
        -:  887:    }
        -:  888:
        1:  889:    return 0;
        -:  890:}
        -:  891:
function handle_ambassador called 2 returned 100% blocks executed 87%
        2:  892:int handle_ambassador(int choice1, int choice2,int handPos, struct gameState *state, int currentPlayer){
        2:  893:    int j = 0;		//used to check if player has enough cards to discard
        -:  894:    int i;
        2:  895:    if (choice2 < 2 || choice2 < 0)
branch  0 taken 100% (fallthrough)
branch  1 taken 0%
branch  2 taken 0% (fallthrough)
branch  3 taken 100%
        -:  896:    {
    #####:  897:        return -1;
        -:  898:    }
        -:  899:
        2:  900:    if (choice1 == handPos)
branch  0 taken 0% (fallthrough)
branch  1 taken 100%
        -:  901:    {
    #####:  902:        return -1;
        -:  903:    }
        -:  904:
       12:  905:    for (i = 0; i < state->handCount[currentPlayer]; i++)
branch  0 taken 83%
branch  1 taken 17% (fallthrough)
        -:  906:    {
       10:  907:        if (i != handPos && state->hand[currentPlayer][i] == state->hand[currentPlayer][choice1] && i != choice1)
branch  0 taken 80% (fallthrough)
branch  1 taken 20%
branch  2 taken 100% (fallthrough)
branch  3 taken 0%
branch  4 taken 75% (fallthrough)
branch  5 taken 25%
        -:  908:        {
        6:  909:            j++;
        -:  910:        }
        -:  911:    }
        2:  912:    if (j < choice2)
branch  0 taken 0% (fallthrough)
branch  1 taken 100%
        -:  913:    {
    #####:  914:        return -1;
        -:  915:    }
        -:  916:
        -:  917:    if (DEBUG)
        -:  918:        printf("Player %d reveals card number: %d\n", currentPlayer, state->hand[currentPlayer][choice1]);
        -:  919:
        -:  920:    //increase supply count for choosen card by amount being discarded
        2:  921:    state->supplyCount[state->hand[currentPlayer][choice1]] += choice2;
        -:  922:
        -:  923:    //each other player gains a copy of revealed card
        6:  924:    for (i = 0; i < state->numPlayers; i++)
branch  0 taken 67%
branch  1 taken 33% (fallthrough)
        -:  925:    {
        4:  926:        if (i != currentPlayer)
branch  0 taken 50% (fallthrough)
branch  1 taken 50%
        -:  927:        {
        2:  928:            gainCard(state->hand[currentPlayer][choice1], state, 0, i);
call    0 returned 100%
        -:  929:        }
        -:  930:    }
        -:  931:
        -:  932:    //discard played card from hand
        2:  933:    discardCard(handPos, currentPlayer, state, 0);
call    0 returned 100%
        -:  934:
        -:  935:    //trash copies of cards returned to supply
        7:  936:    for (j = 0; j < choice2; j++)
branch  0 taken 71%
branch  1 taken 29% (fallthrough)
        -:  937:    {
        5:  938:        for (i = 0; i < state->handCount[currentPlayer]; i++)
branch  0 taken 100%
branch  1 taken 0% (fallthrough)
        -:  939:        {
        5:  940:            if (state->hand[currentPlayer][i] == state->hand[currentPlayer][choice1])
branch  0 taken 100% (fallthrough)
branch  1 taken 0%
        -:  941:            {
        5:  942:                discardCard(i, currentPlayer, state, 1);
call    0 returned 100%
        5:  943:                break;
        -:  944:            }
        -:  945:        }
        -:  946:    }
        -:  947:
        2:  948:    return 0;
        -:  949:}
        -:  950:
function cardEffect called 0 returned 0% blocks executed 0%
    #####:  951:int cardEffect(int card, int choice1, int choice2, int choice3, struct gameState *state, int handPos, int *bonus)
        -:  952:{
        -:  953:    int i;
        -:  954:    int j;
        -:  955:    int k;
        -:  956:    int x;
        -:  957:    int index;
    #####:  958:    int currentPlayer = whoseTurn(state);
call    0 never executed
    #####:  959:    int nextPlayer = currentPlayer + 1;
        -:  960:
        -:  961:    int temphand[MAX_HAND];// moved above the if statement
    #####:  962:    int drawntreasure=0;
        -:  963:    int cardDrawn;
    #####:  964:    int z = 0;// this is the counter for the temp hand
    #####:  965:    if (nextPlayer > (state->numPlayers - 1)) {
branch  0 never executed
branch  1 never executed
    #####:  966:        nextPlayer = 0;
        -:  967:    }
        -:  968:
        -:  969:
        -:  970:    //uses switch to select card and perform actions
    #####:  971:    switch( card )
branch  0 never executed
branch  1 never executed
branch  2 never executed
branch  3 never executed
branch  4 never executed
branch  5 never executed
branch  6 never executed
branch  7 never executed
branch  8 never executed
branch  9 never executed
branch 10 never executed
branch 11 never executed
branch 12 never executed
branch 13 never executed
branch 14 never executed
branch 15 never executed
branch 16 never executed
branch 17 never executed
branch 18 never executed
branch 19 never executed
branch 20 never executed
        -:  972:    {
        -:  973:    case adventurer:
    #####:  974:        while(drawntreasure<2) {
branch  0 never executed
branch  1 never executed
    #####:  975:            if (state->deckCount[currentPlayer] <1) { //if the deck is empty we need to shuffle discard and add to deck
branch  0 never executed
branch  1 never executed
    #####:  976:                shuffle(currentPlayer, state);
call    0 never executed
        -:  977:            }
    #####:  978:            drawCard(currentPlayer, state);
call    0 never executed
    #####:  979:            cardDrawn = state->hand[currentPlayer][state->handCount[currentPlayer]-1];//top card of hand is most recently drawn card.
    #####:  980:            if (cardDrawn == copper || cardDrawn == silver || cardDrawn == gold)
branch  0 never executed
branch  1 never executed
branch  2 never executed
branch  3 never executed
branch  4 never executed
branch  5 never executed
    #####:  981:                drawntreasure++;
        -:  982:            else {
    #####:  983:                temphand[z]=cardDrawn;
    #####:  984:                state->handCount[currentPlayer]--; //this should just remove the top card (the most recently drawn one).
    #####:  985:                z++;
        -:  986:            }
        -:  987:        }
    #####:  988:        while(z-1>=0) {
branch  0 never executed
branch  1 never executed
    #####:  989:            state->discard[currentPlayer][state->discardCount[currentPlayer]++]=temphand[z-1]; // discard all cards in play that have been drawn
    #####:  990:            z=z-1;
        -:  991:        }
    #####:  992:        return 0;
        -:  993:
        -:  994:    case council_room:
        -:  995:        //+4 Cards
    #####:  996:        for (i = 0; i < 4; i++)
branch  0 never executed
branch  1 never executed
        -:  997:        {
    #####:  998:            drawCard(currentPlayer, state);
call    0 never executed
        -:  999:        }
        -: 1000:
        -: 1001:        //+1 Buy
    #####: 1002:        state->numBuys++;
        -: 1003:
        -: 1004:        //Each other player draws a card
    #####: 1005:        for (i = 0; i < state->numPlayers; i++)
branch  0 never executed
branch  1 never executed
        -: 1006:        {
    #####: 1007:            if ( i != currentPlayer )
branch  0 never executed
branch  1 never executed
        -: 1008:            {
    #####: 1009:                drawCard(i, state);
call    0 never executed
        -: 1010:            }
        -: 1011:        }
        -: 1012:
        -: 1013:        //put played card in played card pile
    #####: 1014:        discardCard(handPos, currentPlayer, state, 0);
call    0 never executed
        -: 1015:
    #####: 1016:        return 0;
        -: 1017:
        -: 1018:    case feast:
        -: 1019:        //gain card with cost up to 5
        -: 1020:        //Backup hand
    #####: 1021:        for (i = 0; i <= state->handCount[currentPlayer]; i++) {
branch  0 never executed
branch  1 never executed
    #####: 1022:            temphand[i] = state->hand[currentPlayer][i];//Backup card
    #####: 1023:            state->hand[currentPlayer][i] = -1;//Set to nothing
        -: 1024:        }
        -: 1025:        //Backup hand
        -: 1026:
        -: 1027:        //Update Coins for Buy
    #####: 1028:        updateCoins(currentPlayer, state, 5);
call    0 never executed
    #####: 1029:        x = 1;//Condition to loop on
    #####: 1030:        while( x == 1) {//Buy one card
branch  0 never executed
branch  1 never executed
    #####: 1031:            if (supplyCount(choice1, state) <= 0) {
call    0 never executed
branch  1 never executed
branch  2 never executed
        -: 1032:                if (DEBUG)
        -: 1033:                    printf("None of that card left, sorry!\n");
        -: 1034:
        -: 1035:                if (DEBUG) {
        -: 1036:                    printf("Cards Left: %d\n", supplyCount(choice1, state));
        -: 1037:                }
        -: 1038:            }
    #####: 1039:            else if (state->coins < getCost(choice1)) {
call    0 never executed
branch  1 never executed
branch  2 never executed
    #####: 1040:                printf("That card is too expensive!\n");
call    0 never executed
        -: 1041:
        -: 1042:                if (DEBUG) {
        -: 1043:                    printf("Coins: %d < %d\n", state->coins, getCost(choice1));
        -: 1044:                }
        -: 1045:            }
        -: 1046:            else {
        -: 1047:
        -: 1048:                if (DEBUG) {
        -: 1049:                    printf("Deck Count: %d\n", state->handCount[currentPlayer] + state->deckCount[currentPlayer] + state->discardCount[currentPlayer]);
        -: 1050:                }
        -: 1051:
    #####: 1052:                gainCard(choice1, state, 0, currentPlayer);//Gain the card
call    0 never executed
    #####: 1053:                x = 0;//No more buying cards
        -: 1054:
        -: 1055:                if (DEBUG) {
        -: 1056:                    printf("Deck Count: %d\n", state->handCount[currentPlayer] + state->deckCount[currentPlayer] + state->discardCount[currentPlayer]);
        -: 1057:                }
        -: 1058:
        -: 1059:            }
        -: 1060:        }
        -: 1061:
        -: 1062:        //Reset Hand
    #####: 1063:        for (i = 0; i <= state->handCount[currentPlayer]; i++) {
branch  0 never executed
branch  1 never executed
    #####: 1064:            state->hand[currentPlayer][i] = temphand[i];
    #####: 1065:            temphand[i] = -1;
        -: 1066:        }
        -: 1067:        //Reset Hand
        -: 1068:
    #####: 1069:        return 0;
        -: 1070:
        -: 1071:    case gardens:
    #####: 1072:        return -1;
        -: 1073:
        -: 1074:    case mine:
    #####: 1075:        return handle_mine(choice1,choice2,handPos, state,currentPlayer);
call    0 never executed
        -: 1076:
        -: 1077:    case remodel:
    #####: 1078:        j = state->hand[currentPlayer][choice1];  //store card we will trash
        -: 1079:
    #####: 1080:        if ( (getCost(state->hand[currentPlayer][choice1]) + 2) > getCost(choice2) )
call    0 never executed
call    1 never executed
branch  2 never executed
branch  3 never executed
        -: 1081:        {
    #####: 1082:            return -1;
        -: 1083:        }
        -: 1084:
    #####: 1085:        gainCard(choice2, state, 0, currentPlayer);
call    0 never executed
        -: 1086:
        -: 1087:        //discard card from hand
    #####: 1088:        discardCard(handPos, currentPlayer, state, 0);
call    0 never executed
        -: 1089:
        -: 1090:        //discard trashed card
    #####: 1091:        for (i = 0; i < state->handCount[currentPlayer]; i++)
branch  0 never executed
branch  1 never executed
        -: 1092:        {
    #####: 1093:            if (state->hand[currentPlayer][i] == j)
branch  0 never executed
branch  1 never executed
        -: 1094:            {
    #####: 1095:                discardCard(i, currentPlayer, state, 0);
call    0 never executed
    #####: 1096:                break;
        -: 1097:            }
        -: 1098:        }
        -: 1099:
        -: 1100:
    #####: 1101:        return 0;
        -: 1102:
        -: 1103:    case smithy:
        -: 1104:        //+3 Cards
    #####: 1105:        for (i = 0; i < 3; i++)
branch  0 never executed
branch  1 never executed
        -: 1106:        {
    #####: 1107:            drawCard(currentPlayer, state);
call    0 never executed
        -: 1108:        }
        -: 1109:
        -: 1110:        //discard card from hand
    #####: 1111:        discardCard(handPos, currentPlayer, state, 0);
call    0 never executed
    #####: 1112:        return 0;
        -: 1113:
        -: 1114:    case village:
        -: 1115:        //+1 Card
    #####: 1116:        drawCard(currentPlayer, state);
call    0 never executed
        -: 1117:
        -: 1118:        //+2 Actions
    #####: 1119:        state->numActions = state->numActions + 2;
        -: 1120:
        -: 1121:        //discard played card from hand
    #####: 1122:        discardCard(handPos, currentPlayer, state, 0);
call    0 never executed
    #####: 1123:        return 0;
        -: 1124:
        -: 1125:    case baron:
    #####: 1126:        return handle_baron(choice1,state,currentPlayer);
call    0 never executed
        -: 1127:
        -: 1128:    case great_hall:
        -: 1129:        //+1 Card
    #####: 1130:        drawCard(currentPlayer, state);
call    0 never executed
        -: 1131:
        -: 1132:        //+1 Actions
    #####: 1133:        state->numActions++;
        -: 1134:
        -: 1135:        //discard card from hand
    #####: 1136:        discardCard(handPos, currentPlayer, state, 0);
call    0 never executed
    #####: 1137:        return 0;
        -: 1138:
        -: 1139:    case minion:
    #####: 1140:        return handle_minion(choice1, choice2, handPos, state, currentPlayer);
call    0 never executed
        -: 1141:
        -: 1142:    case steward:
    #####: 1143:        if (choice1 == 1)
branch  0 never executed
branch  1 never executed
        -: 1144:        {
        -: 1145:            //+2 cards
    #####: 1146:            drawCard(currentPlayer, state);
call    0 never executed
    #####: 1147:            drawCard(currentPlayer, state);
call    0 never executed
        -: 1148:        }
    #####: 1149:        else if (choice1 == 2)
branch  0 never executed
branch  1 never executed
        -: 1150:        {
        -: 1151:            //+2 coins
    #####: 1152:            state->coins = state->coins + 2;
        -: 1153:        }
        -: 1154:        else
        -: 1155:        {
        -: 1156:            //trash 2 cards in hand
    #####: 1157:            discardCard(choice2, currentPlayer, state, 1);
call    0 never executed
    #####: 1158:            discardCard(choice3, currentPlayer, state, 1);
call    0 never executed
        -: 1159:        }
        -: 1160:
        -: 1161:        //discard card from hand
    #####: 1162:        discardCard(handPos, currentPlayer, state, 0);
call    0 never executed
    #####: 1163:        return 0;
        -: 1164:
        -: 1165:    case tribute:
    #####: 1166:        return handle_tribute(state,currentPlayer);
call    0 never executed
        -: 1167:
        -: 1168:    case ambassador:
    #####: 1169:        return handle_ambassador(choice1,choice2,handPos,state,currentPlayer);
call    0 never executed
        -: 1170:
        -: 1171:    case cutpurse:
        -: 1172:
    #####: 1173:        updateCoins(currentPlayer, state, 2);
call    0 never executed
    #####: 1174:        for (i = 0; i < state->numPlayers; i++)
branch  0 never executed
branch  1 never executed
        -: 1175:        {
    #####: 1176:            if (i != currentPlayer)
branch  0 never executed
branch  1 never executed
        -: 1177:            {
    #####: 1178:                for (j = 0; j < state->handCount[i]; j++)
branch  0 never executed
branch  1 never executed
        -: 1179:                {
    #####: 1180:                    if (state->hand[i][j] == copper)
branch  0 never executed
branch  1 never executed
        -: 1181:                    {
    #####: 1182:                        discardCard(j, i, state, 0);
call    0 never executed
    #####: 1183:                        break;
        -: 1184:                    }
    #####: 1185:                    if (j == state->handCount[i])
branch  0 never executed
branch  1 never executed
        -: 1186:                    {
    #####: 1187:                        for (k = 0; k < state->handCount[i]; k++)
branch  0 never executed
branch  1 never executed
        -: 1188:                        {
        -: 1189:                            if (DEBUG)
        -: 1190:                                printf("Player %d reveals card number %d\n", i, state->hand[i][k]);
        -: 1191:                        }
    #####: 1192:                        break;
        -: 1193:                    }
        -: 1194:                }
        -: 1195:
        -: 1196:            }
        -: 1197:
        -: 1198:        }
        -: 1199:
        -: 1200:        //discard played card from hand
    #####: 1201:        discardCard(handPos, currentPlayer, state, 0);
call    0 never executed
        -: 1202:
    #####: 1203:        return 0;
        -: 1204:
        -: 1205:
        -: 1206:    case embargo:
        -: 1207:        //+2 Coins
    #####: 1208:        state->coins = state->coins + 2;
        -: 1209:
        -: 1210:        //see if selected pile is in play
    #####: 1211:        if ( state->supplyCount[choice1] == -1 )
branch  0 never executed
branch  1 never executed
        -: 1212:        {
    #####: 1213:            return -1;
        -: 1214:        }
        -: 1215:
        -: 1216:        //add embargo token to selected supply pile
    #####: 1217:        state->embargoTokens[choice1]++;
        -: 1218:
        -: 1219:        //trash card
    #####: 1220:        discardCard(handPos, currentPlayer, state, 1);
call    0 never executed
    #####: 1221:        return 0;
        -: 1222:
        -: 1223:    case outpost:
        -: 1224:        //set outpost flag
    #####: 1225:        state->outpostPlayed++;
        -: 1226:
        -: 1227:        //discard card
    #####: 1228:        discardCard(handPos, currentPlayer, state, 0);
call    0 never executed
    #####: 1229:        return 0;
        -: 1230:
        -: 1231:    case salvager:
        -: 1232:        //+1 buy
    #####: 1233:        state->numBuys++;
        -: 1234:
    #####: 1235:        if (choice1)
branch  0 never executed
branch  1 never executed
        -: 1236:        {
        -: 1237:            //gain coins equal to trashed card
    #####: 1238:            state->coins = state->coins + getCost( handCard(choice1, state) );
call    0 never executed
call    1 never executed
        -: 1239:            //trash card
    #####: 1240:            discardCard(choice1, currentPlayer, state, 1);
call    0 never executed
        -: 1241:        }
        -: 1242:
        -: 1243:        //discard card
    #####: 1244:        discardCard(handPos, currentPlayer, state, 0);
call    0 never executed
    #####: 1245:        return 0;
        -: 1246:
        -: 1247:    case sea_hag:
    #####: 1248:        for (i = 0; i < state->numPlayers; i++) {
branch  0 never executed
branch  1 never executed
    #####: 1249:            if (i != currentPlayer) {
branch  0 never executed
branch  1 never executed
    #####: 1250:                state->discard[i][state->discardCount[i]] = state->deck[i][state->deckCount[i]--];
    #####: 1251:                state->deckCount[i]--;
    #####: 1252:                state->discardCount[i]++;
    #####: 1253:                state->deck[i][state->deckCount[i]--] = curse;//Top card now a curse
        -: 1254:            }
        -: 1255:        }
    #####: 1256:        return 0;
        -: 1257:
        -: 1258:    case treasure_map:
        -: 1259:        //search hand for another treasure_map
    #####: 1260:        index = -1;
    #####: 1261:        for (i = 0; i < state->handCount[currentPlayer]; i++)
branch  0 never executed
branch  1 never executed
        -: 1262:        {
    #####: 1263:            if (state->hand[currentPlayer][i] == treasure_map && i != handPos)
branch  0 never executed
branch  1 never executed
branch  2 never executed
branch  3 never executed
        -: 1264:            {
    #####: 1265:                index = i;
    #####: 1266:                break;
        -: 1267:            }
        -: 1268:        }
    #####: 1269:        if (index > -1)
branch  0 never executed
branch  1 never executed
        -: 1270:        {
        -: 1271:            //trash both treasure cards
    #####: 1272:            discardCard(handPos, currentPlayer, state, 1);
call    0 never executed
    #####: 1273:            discardCard(index, currentPlayer, state, 1);
call    0 never executed
        -: 1274:
        -: 1275:            //gain 4 Gold cards
    #####: 1276:            for (i = 0; i < 4; i++)
branch  0 never executed
branch  1 never executed
        -: 1277:            {
    #####: 1278:                gainCard(gold, state, 1, currentPlayer);
call    0 never executed
        -: 1279:            }
        -: 1280:
        -: 1281:            //return success
    #####: 1282:            return 1;
        -: 1283:        }
        -: 1284:
        -: 1285:        //no second treasure_map found in hand
    #####: 1286:        return -1;
        -: 1287:    }
        -: 1288:
    #####: 1289:    return -1;
        -: 1290:}
        -: 1291:
function discardCard called 28 returned 100% blocks executed 89%
       28: 1292:int discardCard(int handPos, int currentPlayer, struct gameState *state, int trashFlag)
        -: 1293:{
        -: 1294:
        -: 1295:    //if card is not trashed, added to Played pile
       28: 1296:    if (trashFlag < 1)
branch  0 taken 82% (fallthrough)
branch  1 taken 18%
        -: 1297:    {
        -: 1298:        //add card to played pile
       23: 1299:        state->playedCards[state->playedCardCount] = state->hand[currentPlayer][handPos];
       23: 1300:        state->playedCardCount++;
        -: 1301:    }
        -: 1302:
        -: 1303:    //set played card to -1
       28: 1304:    state->hand[currentPlayer][handPos] = -1;
        -: 1305:
        -: 1306:    //remove card from player's hand
       28: 1307:    if ( handPos == (state->handCount[currentPlayer] - 1) ) 	//last card in hand array is played
branch  0 taken 11% (fallthrough)
branch  1 taken 89%
        -: 1308:    {
        -: 1309:        //reduce number of cards in hand
        3: 1310:        state->handCount[currentPlayer]--;
        -: 1311:    }
       25: 1312:    else if ( state->handCount[currentPlayer] == 1 ) //only one card in hand
branch  0 taken 0% (fallthrough)
branch  1 taken 100%
        -: 1313:    {
        -: 1314:        //reduce number of cards in hand
    #####: 1315:        state->handCount[currentPlayer]--;
        -: 1316:    }
        -: 1317:    else
        -: 1318:    {
        -: 1319:        //replace discarded card with last card in hand
       25: 1320:        state->hand[currentPlayer][handPos] = state->hand[currentPlayer][ (state->handCount[currentPlayer] - 1)];
        -: 1321:        //set last card to -1
       25: 1322:        state->hand[currentPlayer][state->handCount[currentPlayer] - 1] = -1;
        -: 1323:        //reduce number of cards in hand
       25: 1324:        state->handCount[currentPlayer]--;
        -: 1325:    }
        -: 1326:
       28: 1327:    return 0;
        -: 1328:}
        -: 1329:
function gainCard called 5 returned 100% blocks executed 80%
        5: 1330:int gainCard(int supplyPos, struct gameState *state, int toFlag, int player)
        -: 1331:{
        -: 1332:    //Note: supplyPos is enum of choosen card
        -: 1333:
        -: 1334:    //check if supply pile is empty (0) or card is not used in game (-1)
        5: 1335:    if ( supplyCount(supplyPos, state) < 1 )
call    0 returned 100%
branch  1 taken 0% (fallthrough)
branch  2 taken 100%
        -: 1336:    {
    #####: 1337:        return -1;
        -: 1338:    }
        -: 1339:
        -: 1340:    //added card for [whoseTurn] current player:
        -: 1341:    // toFlag = 0 : add to discard
        -: 1342:    // toFlag = 1 : add to deck
        -: 1343:    // toFlag = 2 : add to hand
        -: 1344:
        5: 1345:    if (toFlag == 1)
branch  0 taken 0% (fallthrough)
branch  1 taken 100%
        -: 1346:    {
    #####: 1347:        state->deck[ player ][ state->deckCount[player] ] = supplyPos;
    #####: 1348:        state->deckCount[player]++;
        -: 1349:    }
        5: 1350:    else if (toFlag == 2)
branch  0 taken 20% (fallthrough)
branch  1 taken 80%
        -: 1351:    {
        1: 1352:        state->hand[ player ][ state->handCount[player] ] = supplyPos;
        1: 1353:        state->handCount[player]++;
        -: 1354:    }
        -: 1355:    else
        -: 1356:    {
        4: 1357:        state->discard[player][ state->discardCount[player] ] = supplyPos;
        4: 1358:        state->discardCount[player]++;
        -: 1359:    }
        -: 1360:
        -: 1361:    //decrease number in supply pile
        5: 1362:    state->supplyCount[supplyPos]--;
        -: 1363:
        5: 1364:    return 0;
        -: 1365:}
        -: 1366:
function updateCoins called 5 returned 100% blocks executed 82%
        5: 1367:int updateCoins(int player, struct gameState *state, int bonus)
        -: 1368:{
        -: 1369:    int i;
        -: 1370:
        -: 1371:    //reset coin count
        5: 1372:    state->coins = 0;
        -: 1373:
        -: 1374:    //add coins for each Treasure card in player's hand
       30: 1375:    for (i = 0; i < state->handCount[player]; i++)
branch  0 taken 83%
branch  1 taken 17% (fallthrough)
        -: 1376:    {
       25: 1377:        if (state->hand[player][i] == copper)
branch  0 taken 60% (fallthrough)
branch  1 taken 40%
        -: 1378:        {
       15: 1379:            state->coins += 1;
        -: 1380:        }
       10: 1381:        else if (state->hand[player][i] == silver)
branch  0 taken 0% (fallthrough)
branch  1 taken 100%
        -: 1382:        {
    #####: 1383:            state->coins += 2;
        -: 1384:        }
       10: 1385:        else if (state->hand[player][i] == gold)
branch  0 taken 0% (fallthrough)
branch  1 taken 100%
        -: 1386:        {
    #####: 1387:            state->coins += 3;
        -: 1388:        }
        -: 1389:    }
        -: 1390:
        -: 1391:    //add bonus
        5: 1392:    state->coins += bonus;
        -: 1393:
        5: 1394:    return 0;
        -: 1395:}
        -: 1396:
        -: 1397:
        -: 1398://end of dominion.c
        -: 1399:
